{"D:\\Users\\d656210\\Documents\\SiteMinderRepos\\mail-sender-api\\src\\helpers\\input-validator.js":{"path":"D:\\Users\\d656210\\Documents\\SiteMinderRepos\\mail-sender-api\\src\\helpers\\input-validator.js","s":{"1":1,"2":1,"3":1,"4":5,"5":5,"6":5,"7":5,"8":4,"9":5,"10":1},"b":{"1":[4,1],"2":[5,5]},"f":{"1":5},"fnMap":{"1":{"name":"validate","line":4,"loc":{"start":{"line":4,"column":0},"end":{"line":4,"column":25}}}},"statementMap":{"1":{"start":{"line":1,"column":0},"end":{"line":1,"column":48}},"2":{"start":{"line":2,"column":0},"end":{"line":2,"column":28}},"3":{"start":{"line":4,"column":0},"end":{"line":49,"column":1}},"4":{"start":{"line":6,"column":2},"end":{"line":40,"column":6}},"5":{"start":{"line":42,"column":2},"end":{"line":42,"column":25}},"6":{"start":{"line":43,"column":2},"end":{"line":47,"column":5}},"7":{"start":{"line":44,"column":4},"end":{"line":46,"column":5}},"8":{"start":{"line":45,"column":6},"end":{"line":45,"column":51}},"9":{"start":{"line":48,"column":2},"end":{"line":48,"column":16}},"10":{"start":{"line":51,"column":0},"end":{"line":53,"column":2}}},"branchMap":{"1":{"line":44,"type":"if","locations":[{"start":{"line":44,"column":4},"end":{"line":44,"column":4}},{"start":{"line":44,"column":4},"end":{"line":44,"column":4}}]},"2":{"line":44,"type":"binary-expr","locations":[{"start":{"line":44,"column":8},"end":{"line":44,"column":23}},{"start":{"line":44,"column":27},"end":{"line":44,"column":53}}]}}},"D:\\Users\\d656210\\Documents\\SiteMinderRepos\\mail-sender-api\\src\\models\\provider-factory.js":{"path":"D:\\Users\\d656210\\Documents\\SiteMinderRepos\\mail-sender-api\\src\\models\\provider-factory.js","s":{"1":5,"2":5,"3":8,"4":8,"5":8,"6":1,"7":8,"8":5},"b":{"1":[1,7]},"f":{"1":8},"fnMap":{"1":{"name":"(anonymous_1)","line":5,"loc":{"start":{"line":5,"column":16},"end":{"line":5,"column":31}}}},"statementMap":{"1":{"start":{"line":1,"column":0},"end":{"line":1,"column":54}},"2":{"start":{"line":2,"column":0},"end":{"line":2,"column":56}},"3":{"start":{"line":6,"column":4},"end":{"line":10,"column":6}},"4":{"start":{"line":11,"column":4},"end":{"line":11,"column":68}},"5":{"start":{"line":12,"column":4},"end":{"line":14,"column":5}},"6":{"start":{"line":13,"column":6},"end":{"line":13,"column":46}},"7":{"start":{"line":15,"column":4},"end":{"line":15,"column":31}},"8":{"start":{"line":19,"column":0},"end":{"line":19,"column":33}}},"branchMap":{"1":{"line":12,"type":"if","locations":[{"start":{"line":12,"column":4},"end":{"line":12,"column":4}},{"start":{"line":12,"column":4},"end":{"line":12,"column":4}}]}}},"D:\\Users\\d656210\\Documents\\SiteMinderRepos\\mail-sender-api\\src\\models\\mailgun-provider.js":{"path":"D:\\Users\\d656210\\Documents\\SiteMinderRepos\\mail-sender-api\\src\\models\\mailgun-provider.js","s":{"1":6,"2":6,"3":6,"4":4,"5":4,"6":4,"7":4,"8":6},"b":{},"f":{"1":6,"2":4},"fnMap":{"1":{"name":"(anonymous_1)","line":5,"loc":{"start":{"line":5,"column":13},"end":{"line":5,"column":16}}},"2":{"name":"(anonymous_2)","line":9,"loc":{"start":{"line":9,"column":19},"end":{"line":9,"column":27}}}},"statementMap":{"1":{"start":{"line":1,"column":0},"end":{"line":1,"column":33}},"2":{"start":{"line":2,"column":0},"end":{"line":2,"column":36}},"3":{"start":{"line":6,"column":4},"end":{"line":6,"column":33}},"4":{"start":{"line":11,"column":4},"end":{"line":18,"column":25}},"5":{"start":{"line":19,"column":4},"end":{"line":32,"column":6}},"6":{"start":{"line":33,"column":4},"end":{"line":33,"column":71}},"7":{"start":{"line":34,"column":4},"end":{"line":34,"column":19}},"8":{"start":{"line":38,"column":0},"end":{"line":38,"column":33}}},"branchMap":{}},"D:\\Users\\d656210\\Documents\\SiteMinderRepos\\mail-sender-api\\src\\models\\sendgrid-provider.js":{"path":"D:\\Users\\d656210\\Documents\\SiteMinderRepos\\mail-sender-api\\src\\models\\sendgrid-provider.js","s":{"1":6,"2":6,"3":4,"4":3,"5":3,"6":3,"7":3,"8":3,"9":3,"10":3,"11":6},"b":{},"f":{"1":4,"2":3},"fnMap":{"1":{"name":"(anonymous_1)","line":5,"loc":{"start":{"line":5,"column":13},"end":{"line":5,"column":16}}},"2":{"name":"(anonymous_2)","line":9,"loc":{"start":{"line":9,"column":19},"end":{"line":9,"column":27}}}},"statementMap":{"1":{"start":{"line":1,"column":0},"end":{"line":1,"column":33}},"2":{"start":{"line":2,"column":0},"end":{"line":2,"column":36}},"3":{"start":{"line":6,"column":4},"end":{"line":6,"column":34}},"4":{"start":{"line":10,"column":4},"end":{"line":10,"column":50}},"5":{"start":{"line":11,"column":4},"end":{"line":11,"column":34}},"6":{"start":{"line":12,"column":4},"end":{"line":16,"column":7}},"7":{"start":{"line":13,"column":6},"end":{"line":15,"column":9}},"8":{"start":{"line":17,"column":4},"end":{"line":47,"column":6}},"9":{"start":{"line":48,"column":4},"end":{"line":48,"column":72}},"10":{"start":{"line":49,"column":4},"end":{"line":49,"column":19}},"11":{"start":{"line":53,"column":0},"end":{"line":53,"column":34}}},"branchMap":{}},"D:\\Users\\d656210\\Documents\\SiteMinderRepos\\mail-sender-api\\src\\mail-sender.js":{"path":"D:\\Users\\d656210\\Documents\\SiteMinderRepos\\mail-sender-api\\src\\mail-sender.js","s":{"1":4,"2":4,"3":4,"4":4,"5":4,"6":3,"7":3,"8":3,"9":1,"10":1,"11":2,"12":2,"13":2,"14":2,"15":2,"16":2,"17":1,"18":1,"19":1,"20":1,"21":0,"22":4,"23":4,"24":4,"25":4,"26":4,"27":15,"28":4,"29":4,"30":1,"31":1,"32":3,"33":2,"34":3,"35":4},"b":{"1":[2,0],"2":[1,3]},"f":{},"fnMap":{},"statementMap":{"1":{"start":{"line":1,"column":0},"end":{"line":1,"column":43}},"2":{"start":{"line":2,"column":0},"end":{"line":2,"column":33}},"3":{"start":{"line":3,"column":0},"end":{"line":3,"column":61}},"4":{"start":{"line":4,"column":0},"end":{"line":4,"column":60}},"5":{"start":{"line":8,"column":0},"end":{"line":42,"column":2},"skip":true},"6":{"start":{"line":9,"column":2},"end":{"line":9,"column":23},"skip":true},"7":{"start":{"line":10,"column":2},"end":{"line":10,"column":80},"skip":true},"8":{"start":{"line":11,"column":2},"end":{"line":41,"column":7},"skip":true},"9":{"start":{"line":13,"column":6},"end":{"line":13,"column":55},"skip":true},"10":{"start":{"line":14,"column":6},"end":{"line":14,"column":34},"skip":true},"11":{"start":{"line":17,"column":6},"end":{"line":17,"column":80},"skip":true},"12":{"start":{"line":18,"column":6},"end":{"line":39,"column":7},"skip":true},"13":{"start":{"line":19,"column":8},"end":{"line":21,"column":10},"skip":true},"14":{"start":{"line":22,"column":8},"end":{"line":22,"column":24},"skip":true},"15":{"start":{"line":23,"column":8},"end":{"line":25,"column":10},"skip":true},"16":{"start":{"line":26,"column":8},"end":{"line":38,"column":13},"skip":true},"17":{"start":{"line":28,"column":12},"end":{"line":28,"column":61},"skip":true},"18":{"start":{"line":29,"column":12},"end":{"line":29,"column":48},"skip":true},"19":{"start":{"line":32,"column":12},"end":{"line":36,"column":14},"skip":true},"20":{"start":{"line":37,"column":12},"end":{"line":37,"column":47},"skip":true},"21":{"start":{"line":40,"column":6},"end":{"line":40,"column":35},"skip":true},"22":{"start":{"line":44,"column":0},"end":{"line":74,"column":2}},"23":{"start":{"line":45,"column":2},"end":{"line":45,"column":27}},"24":{"start":{"line":46,"column":2},"end":{"line":46,"column":75}},"25":{"start":{"line":48,"column":2},"end":{"line":48,"column":18}},"26":{"start":{"line":49,"column":2},"end":{"line":51,"column":5}},"27":{"start":{"line":50,"column":4},"end":{"line":50,"column":45}},"28":{"start":{"line":52,"column":2},"end":{"line":52,"column":60}},"29":{"start":{"line":53,"column":2},"end":{"line":60,"column":3}},"30":{"start":{"line":54,"column":4},"end":{"line":54,"column":68}},"31":{"start":{"line":56,"column":4},"end":{"line":59,"column":7}},"32":{"start":{"line":61,"column":2},"end":{"line":73,"column":7}},"33":{"start":{"line":63,"column":6},"end":{"line":66,"column":9}},"34":{"start":{"line":69,"column":6},"end":{"line":72,"column":9}},"35":{"start":{"line":76,"column":0},"end":{"line":78,"column":2}}},"branchMap":{"1":{"line":18,"type":"if","locations":[{"start":{"line":18,"column":6},"end":{"line":18,"column":6},"skip":true},{"start":{"line":18,"column":6},"end":{"line":18,"column":6},"skip":true}]},"2":{"line":53,"type":"if","locations":[{"start":{"line":53,"column":2},"end":{"line":53,"column":2}},{"start":{"line":53,"column":2},"end":{"line":53,"column":2}}]}}}}