TN:
SF:D:\Users\d656210\Documents\SiteMinderRepos\mail-sender-api\src\helpers\input-validator.js
FN:4,validate
FNF:1
FNH:1
FNDA:5,validate
DA:1,1
DA:2,1
DA:4,1
DA:6,5
DA:42,5
DA:43,5
DA:44,5
DA:45,4
DA:48,5
DA:51,1
LF:10
LH:10
BRDA:44,1,0,4
BRDA:44,1,1,1
BRDA:44,2,0,5
BRDA:44,2,1,5
BRF:4
BRH:4
end_of_record
TN:
SF:D:\Users\d656210\Documents\SiteMinderRepos\mail-sender-api\src\models\provider-factory.js
FN:5,(anonymous_1)
FNF:1
FNH:1
FNDA:8,(anonymous_1)
DA:1,5
DA:2,5
DA:6,8
DA:11,8
DA:12,8
DA:13,1
DA:15,8
DA:19,5
LF:8
LH:8
BRDA:12,1,0,1
BRDA:12,1,1,7
BRF:2
BRH:2
end_of_record
TN:
SF:D:\Users\d656210\Documents\SiteMinderRepos\mail-sender-api\src\models\mailgun-provider.js
FN:5,(anonymous_1)
FN:9,(anonymous_2)
FNF:2
FNH:2
FNDA:6,(anonymous_1)
FNDA:4,(anonymous_2)
DA:1,6
DA:2,6
DA:6,6
DA:11,4
DA:19,4
DA:33,4
DA:34,4
DA:38,6
LF:8
LH:8
BRF:0
BRH:0
end_of_record
TN:
SF:D:\Users\d656210\Documents\SiteMinderRepos\mail-sender-api\src\models\sendgrid-provider.js
FN:5,(anonymous_1)
FN:9,(anonymous_2)
FNF:2
FNH:2
FNDA:4,(anonymous_1)
FNDA:3,(anonymous_2)
DA:1,6
DA:2,6
DA:6,4
DA:10,3
DA:11,3
DA:12,3
DA:13,3
DA:17,3
DA:48,3
DA:49,3
DA:53,6
LF:11
LH:11
BRF:0
BRH:0
end_of_record
TN:
SF:D:\Users\d656210\Documents\SiteMinderRepos\mail-sender-api\src\mail-sender.js
FNF:0
FNH:0
DA:1,4
DA:2,4
DA:3,4
DA:4,4
DA:8,4
DA:9,3
DA:10,3
DA:11,3
DA:13,1
DA:14,1
DA:17,2
DA:18,2
DA:19,2
DA:22,2
DA:23,2
DA:26,2
DA:28,1
DA:29,1
DA:32,1
DA:37,1
DA:40,1
DA:44,4
DA:45,4
DA:46,4
DA:48,4
DA:49,4
DA:50,15
DA:52,4
DA:53,4
DA:54,1
DA:56,1
DA:61,3
DA:63,2
DA:69,3
DA:76,4
LF:35
LH:35
BRDA:18,1,0,2
BRDA:18,1,1,0
BRDA:53,2,0,1
BRDA:53,2,1,3
BRF:4
BRH:4
end_of_record
